<?xml version="1.0" encoding="UTF-8"?>
<testng-results skipped="0" failed="0" total="1" passed="1">
  <reporter-output>
    <line>
      <![CDATA[My driver isff]]>
    </line>
  </reporter-output>
  <suite name="Suite" duration-ms="24342" started-at="2018-04-22T12:23:07Z" finished-at="2018-04-22T12:23:31Z">
    <groups>
    </groups>
    <test name="Test" duration-ms="24342" started-at="2018-04-22T12:23:07Z" finished-at="2018-04-22T12:23:31Z">
      <class name="com.persistent.testcases.SidePanHomeTest">
        <test-method status="PASS" signature="homeFirstSidePaneTest(java.lang.String)[pri:0, instance:com.persistent.testcases.SidePanHomeTest@146ba0ac]" name="homeFirstSidePaneTest" duration-ms="10555" started-at="2018-04-22T17:53:20Z" finished-at="2018-04-22T17:53:31Z">
          <params>
            <param index="0">
              <value>
                <![CDATA[Homepnae]]>
              </value>
            </param>
          </params>
          <reporter-output>
          </reporter-output>
        </test-method> <!-- homeFirstSidePaneTest -->
      </class> <!-- com.persistent.testcases.SidePanHomeTest -->
      <class name="com.persistent.action.WLoginAction">
        <test-method status="PASS" signature="selectBrowser(java.lang.String)[pri:0, instance:com.persistent.action.WLoginAction@548e7350]" name="selectBrowser" is-config="true" duration-ms="13058" started-at="2018-04-22T17:53:07Z" finished-at="2018-04-22T17:53:20Z">
          <params>
            <param index="0">
              <value>
                <![CDATA[ff]]>
              </value>
            </param>
          </params>
          <reporter-output>
            <line>
              <![CDATA[My driver isff]]>
            </line>
          </reporter-output>
        </test-method> <!-- selectBrowser -->
        <test-method status="PASS" signature="testmethod()[pri:0, instance:com.persistent.action.WLoginAction@548e7350]" name="testmethod" is-config="true" duration-ms="713" started-at="2018-04-22T17:53:31Z" finished-at="2018-04-22T17:53:31Z">
          <reporter-output>
          </reporter-output>
        </test-method> <!-- testmethod -->
      </class> <!-- com.persistent.action.WLoginAction -->
    </test> <!-- Test -->
  </suite> <!-- Suite -->
</testng-results>
